Conexão com PostgreSQL estabelecida com sucesso.
Tabelas verificadas/criadas com sucesso.
Dados iniciais inseridos/verificados com sucesso.
Servidor rodando na porta 3000
Recebido SIGTERM, fechando servidor...
Servidor fechado.
/home/ubuntu/backend_project/node_modules/path-to-regexp/dist/index.js:73
            throw new TypeError(`Missing parameter name at ${i}: ${DEBUG_URL}`);
            ^

TypeError: Missing parameter name at 1: https://git.new/pathToRegexpError
    at name (/home/ubuntu/backend_project/node_modules/path-to-regexp/dist/index.js:73:19)
    at lexer (/home/ubuntu/backend_project/node_modules/path-to-regexp/dist/index.js:91:27)
    at lexer.next (<anonymous>)
    at Iter.peek (/home/ubuntu/backend_project/node_modules/path-to-regexp/dist/index.js:106:38)
    at Iter.tryConsume (/home/ubuntu/backend_project/node_modules/path-to-regexp/dist/index.js:112:28)
    at Iter.text (/home/ubuntu/backend_project/node_modules/path-to-regexp/dist/index.js:128:30)
    at consume (/home/ubuntu/backend_project/node_modules/path-to-regexp/dist/index.js:152:29)
    at parse (/home/ubuntu/backend_project/node_modules/path-to-regexp/dist/index.js:183:20)
    at /home/ubuntu/backend_project/node_modules/path-to-regexp/dist/index.js:294:74
    at Array.map (<anonymous>)

Node.js v22.13.0
/home/ubuntu/backend_project/node_modules/path-to-regexp/dist/index.js:73
            throw new TypeError(`Missing parameter name at ${i}: ${DEBUG_URL}`);
            ^

TypeError: Missing parameter name at 1: https://git.new/pathToRegexpError
    at name (/home/ubuntu/backend_project/node_modules/path-to-regexp/dist/index.js:73:19)
    at lexer (/home/ubuntu/backend_project/node_modules/path-to-regexp/dist/index.js:91:27)
    at lexer.next (<anonymous>)
    at Iter.peek (/home/ubuntu/backend_project/node_modules/path-to-regexp/dist/index.js:106:38)
    at Iter.tryConsume (/home/ubuntu/backend_project/node_modules/path-to-regexp/dist/index.js:112:28)
    at Iter.text (/home/ubuntu/backend_project/node_modules/path-to-regexp/dist/index.js:128:30)
    at consume (/home/ubuntu/backend_project/node_modules/path-to-regexp/dist/index.js:152:29)
    at parse (/home/ubuntu/backend_project/node_modules/path-to-regexp/dist/index.js:183:20)
    at /home/ubuntu/backend_project/node_modules/path-to-regexp/dist/index.js:294:74
    at Array.map (<anonymous>)

Node.js v22.13.0
/home/ubuntu/backend_project/node_modules/path-to-regexp/dist/index.js:73
            throw new TypeError(`Missing parameter name at ${i}: ${DEBUG_URL}`);
            ^

TypeError: Missing parameter name at 1: https://git.new/pathToRegexpError
    at name (/home/ubuntu/backend_project/node_modules/path-to-regexp/dist/index.js:73:19)
    at lexer (/home/ubuntu/backend_project/node_modules/path-to-regexp/dist/index.js:91:27)
    at lexer.next (<anonymous>)
    at Iter.peek (/home/ubuntu/backend_project/node_modules/path-to-regexp/dist/index.js:106:38)
    at Iter.tryConsume (/home/ubuntu/backend_project/node_modules/path-to-regexp/dist/index.js:112:28)
    at Iter.text (/home/ubuntu/backend_project/node_modules/path-to-regexp/dist/index.js:128:30)
    at consume (/home/ubuntu/backend_project/node_modules/path-to-regexp/dist/index.js:152:29)
    at parse (/home/ubuntu/backend_project/node_modules/path-to-regexp/dist/index.js:183:20)
    at /home/ubuntu/backend_project/node_modules/path-to-regexp/dist/index.js:294:74
    at Array.map (<anonymous>)

Node.js v22.13.0
/home/ubuntu/backend_project/node_modules/path-to-regexp/dist/index.js:73
            throw new TypeError(`Missing parameter name at ${i}: ${DEBUG_URL}`);
            ^

TypeError: Missing parameter name at 1: https://git.new/pathToRegexpError
    at name (/home/ubuntu/backend_project/node_modules/path-to-regexp/dist/index.js:73:19)
    at lexer (/home/ubuntu/backend_project/node_modules/path-to-regexp/dist/index.js:91:27)
    at lexer.next (<anonymous>)
    at Iter.peek (/home/ubuntu/backend_project/node_modules/path-to-regexp/dist/index.js:106:38)
    at Iter.tryConsume (/home/ubuntu/backend_project/node_modules/path-to-regexp/dist/index.js:112:28)
    at Iter.text (/home/ubuntu/backend_project/node_modules/path-to-regexp/dist/index.js:128:30)
    at consume (/home/ubuntu/backend_project/node_modules/path-to-regexp/dist/index.js:152:29)
    at parse (/home/ubuntu/backend_project/node_modules/path-to-regexp/dist/index.js:183:20)
    at /home/ubuntu/backend_project/node_modules/path-to-regexp/dist/index.js:294:74
    at Array.map (<anonymous>)

Node.js v22.13.0
